<?xml version="1.0" encoding="UTF-8"?>
<testsuite name="LibraryTest" tests="1" skipped="0" failures="0" errors="0" timestamp="2018-05-11T18:41:02" hostname="senhaji-Lenovo-YOGA-300-11IBY" time="0.007">
  <properties/>
  <testcase name="testSomeLibraryMethod" classname="LibraryTest" time="0.007"/>
  <system-out><![CDATA[]]></system-out>
  <system-err><![CDATA[]]></system-err>
</testsuite>
